A51 MACRO ASSEMBLER  ADRESS                                                               03/28/2018 11:34:49 PAGE     1


MACRO ASSEMBLER A51 V8.2.7.0
OBJECT MODULE PLACED IN .\Objects\adress.obj
ASSEMBLER INVOKED BY: C:\Keil_v5\C51\BIN\A51.EXE adress.a51 SET(SMALL) DEBUG PRINT(.\Listings\adress.lst) OBJECT(.\Objec
                      ts\adress.obj) EP

LOC  OBJ            LINE     SOURCE

0000                   1     org 0000h
0000 E530              2     mov a, 30h
0002 7840              3     mov r0, #40h
0004 7A05              4     mov r2, #5h
0006                   5     next: 
0006 F6                6     mov @r0, a
0007 08                7     inc r0
0008 04                8     inc a
0009 DAFB              9     djnz r2, next
000B 7400             10     mov a, #0
000D 7A05             11     mov r2, #5
000F A900             12     mov r1,0h
0011                  13     sum:
0011 27               14     add a, @r1
0012 19               15     dec r1
0013 DAFC             16     djnz r2, sum
                      17     end
A51 MACRO ASSEMBLER  ADRESS                                                               03/28/2018 11:34:49 PAGE     2

SYMBOL TABLE LISTING
------ ----- -------


N A M E             T Y P E  V A L U E   ATTRIBUTES

NEXT . . . . . . .  C ADDR   0006H   A   
SUM. . . . . . . .  C ADDR   0011H   A   


REGISTER BANK(S) USED: 0 


ASSEMBLY COMPLETE.  0 WARNING(S), 0 ERROR(S)
